<?xml version="1.0" encoding="UTF-8"?>
<testsuite xmlns:xsi="http://www.w3.org/2001/XMLSchema-instance" xsi:noNamespaceSchemaLocation="https://maven.apache.org/surefire/maven-surefire-plugin/xsd/surefire-test-report-3.0.xsd" version="3.0" name="io.parquet.security.GroupSecurityColumnExtractorTest" time="0.018" tests="10" errors="0" skipped="0" failures="0">
  <properties>
[...]
</properties>
  <testcase name="testExtractSecHi_MissingColumn" classname="io.parquet.security.GroupSecurityColumnExtractorTest" time="0.011"/>
  <testcase name="testHasSecurityColumns_WithSecLo" classname="io.parquet.security.GroupSecurityColumnExtractorTest" time="0.001"/>
  <testcase name="testExtractSecLo_WithMultipleColumns" classname="io.parquet.security.GroupSecurityColumnExtractorTest" time="0.001"/>
  <testcase name="testExtractSecLo_ZeroValue" classname="io.parquet.security.GroupSecurityColumnExtractorTest" time="0.0"/>
  <testcase name="testHasSecurityColumns_WithoutSecLo" classname="io.parquet.security.GroupSecurityColumnExtractorTest" time="0.0"/>
  <testcase name="testExtractSecLo_LargeValue" classname="io.parquet.security.GroupSecurityColumnExtractorTest" time="0.0"/>
  <testcase name="testExtractSecHi_Success" classname="io.parquet.security.GroupSecurityColumnExtractorTest" time="0.001"/>
  <testcase name="testExtractSecHi_LargeValue" classname="io.parquet.security.GroupSecurityColumnExtractorTest" time="0.0"/>
  <testcase name="testExtractSecLo_MissingColumn" classname="io.parquet.security.GroupSecurityColumnExtractorTest" time="0.0"/>
  <testcase name="testExtractSecLo_Success" classname="io.parquet.security.GroupSecurityColumnExtractorTest" time="0.0"/>
</testsuite>